2025-05-29 10:55:33,466 - DBConnectionManager - INFO - 数据库连接初始化成功: 127.0.0.1:3306/akshare_data
2025-05-29 10:55:33,468 - DBConnectionManager - ERROR - 数据库连接测试失败: (pymysql.err.OperationalError) (1045, "Access denied for user 'root'@'localhost' (using password: YES)")
(Background on this error at: https://sqlalche.me/e/20/e3q8)
2025-05-29 11:24:52,850 - DBConnectionManager - INFO - 数据库连接初始化成功: 127.0.0.1:3306/akshare_data
2025-05-29 11:24:52,851 - DBConnectionManager - ERROR - 数据库连接测试失败: (pymysql.err.OperationalError) (1045, "Access denied for user 'root'@'localhost' (using password: YES)")
(Background on this error at: https://sqlalche.me/e/20/e3q8)
2025-05-29 11:37:55,711 - DBConnectionManager - INFO - 数据库连接初始化成功: 127.0.0.1:3306/akshare_data
2025-05-29 11:37:55,712 - DBConnectionManager - ERROR - 数据库连接测试失败: (pymysql.err.OperationalError) (1045, "Access denied for user 'root'@'localhost' (using password: YES)")
(Background on this error at: https://sqlalche.me/e/20/e3q8)
2025-05-29 11:43:14,505 - DBConnectionManager - ERROR - 初始化数据库连接失败: name 'chi' is not defined
2025-05-29 11:44:32,054 - DBConnectionManager - ERROR - 数据库连接测试失败: (pymysql.err.OperationalError) (1045, "Access denied for user 'root'@'localhost' (using password: YES)")
(Background on this error at: https://sqlalche.me/e/20/e3q8)
2025-05-29 11:44:32,054 - DBConnectionManager - INFO - 数据库连接初始化成功: localhost:3306/akshare_data
2025-05-29 11:44:32,055 - DBConnectionManager - ERROR - 数据库连接测试失败: (pymysql.err.OperationalError) (1045, "Access denied for user 'root'@'localhost' (using password: YES)")
(Background on this error at: https://sqlalche.me/e/20/e3q8)
2025-05-29 11:46:01,866 - DBConnectionManager - ERROR - 数据库连接测试失败: (pymysql.err.OperationalError) (1045, "Access denied for user 'root'@'localhost' (using password: YES)")
(Background on this error at: https://sqlalche.me/e/20/e3q8)
错误详情:
Traceback (most recent call last):
  File "/Users/LG/opt/anaconda3/envs/rqalpha/lib/python3.9/site-packages/sqlalchemy/engine/base.py", line 145, in __init__
    self._dbapi_connection = engine.raw_connection()
  File "/Users/LG/opt/anaconda3/envs/rqalpha/lib/python3.9/site-packages/sqlalchemy/engine/base.py", line 3293, in raw_connection
    return self.pool.connect()
  File "/Users/LG/opt/anaconda3/envs/rqalpha/lib/python3.9/site-packages/sqlalchemy/pool/base.py", line 452, in connect
    return _ConnectionFairy._checkout(self)
  File "/Users/LG/opt/anaconda3/envs/rqalpha/lib/python3.9/site-packages/sqlalchemy/pool/base.py", line 1269, in _checkout
    fairy = _ConnectionRecord.checkout(pool)
  File "/Users/LG/opt/anaconda3/envs/rqalpha/lib/python3.9/site-packages/sqlalchemy/pool/base.py", line 716, in checkout
    rec = pool._do_get()
  File "/Users/LG/opt/anaconda3/envs/rqalpha/lib/python3.9/site-packages/sqlalchemy/pool/impl.py", line 170, in _do_get
    self._dec_overflow()
  File "/Users/LG/opt/anaconda3/envs/rqalpha/lib/python3.9/site-packages/sqlalchemy/util/langhelpers.py", line 146, in __exit__
    raise exc_value.with_traceback(exc_tb)
  File "/Users/LG/opt/anaconda3/envs/rqalpha/lib/python3.9/site-packages/sqlalchemy/pool/impl.py", line 167, in _do_get
    return self._create_connection()
  File "/Users/LG/opt/anaconda3/envs/rqalpha/lib/python3.9/site-packages/sqlalchemy/pool/base.py", line 393, in _create_connection
    return _ConnectionRecord(self)
  File "/Users/LG/opt/anaconda3/envs/rqalpha/lib/python3.9/site-packages/sqlalchemy/pool/base.py", line 678, in __init__
    self.__connect()
  File "/Users/LG/opt/anaconda3/envs/rqalpha/lib/python3.9/site-packages/sqlalchemy/pool/base.py", line 903, in __connect
    pool.logger.debug("Error on connect(): %s", e)
  File "/Users/LG/opt/anaconda3/envs/rqalpha/lib/python3.9/site-packages/sqlalchemy/util/langhelpers.py", line 146, in __exit__
    raise exc_value.with_traceback(exc_tb)
  File "/Users/LG/opt/anaconda3/envs/rqalpha/lib/python3.9/site-packages/sqlalchemy/pool/base.py", line 898, in __connect
    self.dbapi_connection = connection = pool._invoke_creator(self)
  File "/Users/LG/opt/anaconda3/envs/rqalpha/lib/python3.9/site-packages/sqlalchemy/engine/create.py", line 645, in connect
    return dialect.connect(*cargs, **cparams)
  File "/Users/LG/opt/anaconda3/envs/rqalpha/lib/python3.9/site-packages/sqlalchemy/engine/default.py", line 616, in connect
    return self.loaded_dbapi.connect(*cargs, **cparams)
  File "/Users/LG/.local/lib/python3.9/site-packages/pymysql/connections.py", line 353, in __init__
    self.connect()
  File "/Users/LG/.local/lib/python3.9/site-packages/pymysql/connections.py", line 633, in connect
    self._request_authentication()
  File "/Users/LG/.local/lib/python3.9/site-packages/pymysql/connections.py", line 921, in _request_authentication
    auth_packet = self._process_auth(plugin_name, auth_packet)
  File "/Users/LG/.local/lib/python3.9/site-packages/pymysql/connections.py", line 1018, in _process_auth
    pkt = self._read_packet()
  File "/Users/LG/.local/lib/python3.9/site-packages/pymysql/connections.py", line 725, in _read_packet
    packet.raise_for_error()
  File "/Users/LG/.local/lib/python3.9/site-packages/pymysql/protocol.py", line 221, in raise_for_error
    err.raise_mysql_exception(self._data)
  File "/Users/LG/.local/lib/python3.9/site-packages/pymysql/err.py", line 143, in raise_mysql_exception
    raise errorclass(errno, errval)
pymysql.err.OperationalError: (1045, "Access denied for user 'root'@'localhost' (using password: YES)")

The above exception was the direct cause of the following exception:

Traceback (most recent call last):
  File "/Users/LG/tutorial/akshare_data/data_storage/db_connection.py", line 208, in test_connection
    with self._engine.connect() as conn:
  File "/Users/LG/opt/anaconda3/envs/rqalpha/lib/python3.9/site-packages/sqlalchemy/engine/base.py", line 3269, in connect
    return self._connection_cls(self)
  File "/Users/LG/opt/anaconda3/envs/rqalpha/lib/python3.9/site-packages/sqlalchemy/engine/base.py", line 147, in __init__
    Connection._handle_dbapi_exception_noconnection(
  File "/Users/LG/opt/anaconda3/envs/rqalpha/lib/python3.9/site-packages/sqlalchemy/engine/base.py", line 2431, in _handle_dbapi_exception_noconnection
    raise sqlalchemy_exception.with_traceback(exc_info[2]) from e
  File "/Users/LG/opt/anaconda3/envs/rqalpha/lib/python3.9/site-packages/sqlalchemy/engine/base.py", line 145, in __init__
    self._dbapi_connection = engine.raw_connection()
  File "/Users/LG/opt/anaconda3/envs/rqalpha/lib/python3.9/site-packages/sqlalchemy/engine/base.py", line 3293, in raw_connection
    return self.pool.connect()
  File "/Users/LG/opt/anaconda3/envs/rqalpha/lib/python3.9/site-packages/sqlalchemy/pool/base.py", line 452, in connect
    return _ConnectionFairy._checkout(self)
  File "/Users/LG/opt/anaconda3/envs/rqalpha/lib/python3.9/site-packages/sqlalchemy/pool/base.py", line 1269, in _checkout
    fairy = _ConnectionRecord.checkout(pool)
  File "/Users/LG/opt/anaconda3/envs/rqalpha/lib/python3.9/site-packages/sqlalchemy/pool/base.py", line 716, in checkout
    rec = pool._do_get()
  File "/Users/LG/opt/anaconda3/envs/rqalpha/lib/python3.9/site-packages/sqlalchemy/pool/impl.py", line 170, in _do_get
    self._dec_overflow()
  File "/Users/LG/opt/anaconda3/envs/rqalpha/lib/python3.9/site-packages/sqlalchemy/util/langhelpers.py", line 146, in __exit__
    raise exc_value.with_traceback(exc_tb)
  File "/Users/LG/opt/anaconda3/envs/rqalpha/lib/python3.9/site-packages/sqlalchemy/pool/impl.py", line 167, in _do_get
    return self._create_connection()
  File "/Users/LG/opt/anaconda3/envs/rqalpha/lib/python3.9/site-packages/sqlalchemy/pool/base.py", line 393, in _create_connection
    return _ConnectionRecord(self)
  File "/Users/LG/opt/anaconda3/envs/rqalpha/lib/python3.9/site-packages/sqlalchemy/pool/base.py", line 678, in __init__
    self.__connect()
  File "/Users/LG/opt/anaconda3/envs/rqalpha/lib/python3.9/site-packages/sqlalchemy/pool/base.py", line 903, in __connect
    pool.logger.debug("Error on connect(): %s", e)
  File "/Users/LG/opt/anaconda3/envs/rqalpha/lib/python3.9/site-packages/sqlalchemy/util/langhelpers.py", line 146, in __exit__
    raise exc_value.with_traceback(exc_tb)
  File "/Users/LG/opt/anaconda3/envs/rqalpha/lib/python3.9/site-packages/sqlalchemy/pool/base.py", line 898, in __connect
    self.dbapi_connection = connection = pool._invoke_creator(self)
  File "/Users/LG/opt/anaconda3/envs/rqalpha/lib/python3.9/site-packages/sqlalchemy/engine/create.py", line 645, in connect
    return dialect.connect(*cargs, **cparams)
  File "/Users/LG/opt/anaconda3/envs/rqalpha/lib/python3.9/site-packages/sqlalchemy/engine/default.py", line 616, in connect
    return self.loaded_dbapi.connect(*cargs, **cparams)
  File "/Users/LG/.local/lib/python3.9/site-packages/pymysql/connections.py", line 353, in __init__
    self.connect()
  File "/Users/LG/.local/lib/python3.9/site-packages/pymysql/connections.py", line 633, in connect
    self._request_authentication()
  File "/Users/LG/.local/lib/python3.9/site-packages/pymysql/connections.py", line 921, in _request_authentication
    auth_packet = self._process_auth(plugin_name, auth_packet)
  File "/Users/LG/.local/lib/python3.9/site-packages/pymysql/connections.py", line 1018, in _process_auth
    pkt = self._read_packet()
  File "/Users/LG/.local/lib/python3.9/site-packages/pymysql/connections.py", line 725, in _read_packet
    packet.raise_for_error()
  File "/Users/LG/.local/lib/python3.9/site-packages/pymysql/protocol.py", line 221, in raise_for_error
    err.raise_mysql_exception(self._data)
  File "/Users/LG/.local/lib/python3.9/site-packages/pymysql/err.py", line 143, in raise_mysql_exception
    raise errorclass(errno, errval)
sqlalchemy.exc.OperationalError: (pymysql.err.OperationalError) (1045, "Access denied for user 'root'@'localhost' (using password: YES)")
(Background on this error at: https://sqlalche.me/e/20/e3q8)

2025-05-29 11:46:01,868 - DBConnectionManager - INFO - 数据库连接初始化成功: localhost:3306/akshare_data
2025-05-29 11:46:01,869 - DBConnectionManager - ERROR - 数据库连接测试失败: (pymysql.err.OperationalError) (1045, "Access denied for user 'root'@'localhost' (using password: YES)")
(Background on this error at: https://sqlalche.me/e/20/e3q8)
错误详情:
Traceback (most recent call last):
  File "/Users/LG/opt/anaconda3/envs/rqalpha/lib/python3.9/site-packages/sqlalchemy/engine/base.py", line 145, in __init__
    self._dbapi_connection = engine.raw_connection()
  File "/Users/LG/opt/anaconda3/envs/rqalpha/lib/python3.9/site-packages/sqlalchemy/engine/base.py", line 3293, in raw_connection
    return self.pool.connect()
  File "/Users/LG/opt/anaconda3/envs/rqalpha/lib/python3.9/site-packages/sqlalchemy/pool/base.py", line 452, in connect
    return _ConnectionFairy._checkout(self)
  File "/Users/LG/opt/anaconda3/envs/rqalpha/lib/python3.9/site-packages/sqlalchemy/pool/base.py", line 1269, in _checkout
    fairy = _ConnectionRecord.checkout(pool)
  File "/Users/LG/opt/anaconda3/envs/rqalpha/lib/python3.9/site-packages/sqlalchemy/pool/base.py", line 716, in checkout
    rec = pool._do_get()
  File "/Users/LG/opt/anaconda3/envs/rqalpha/lib/python3.9/site-packages/sqlalchemy/pool/impl.py", line 170, in _do_get
    self._dec_overflow()
  File "/Users/LG/opt/anaconda3/envs/rqalpha/lib/python3.9/site-packages/sqlalchemy/util/langhelpers.py", line 146, in __exit__
    raise exc_value.with_traceback(exc_tb)
  File "/Users/LG/opt/anaconda3/envs/rqalpha/lib/python3.9/site-packages/sqlalchemy/pool/impl.py", line 167, in _do_get
    return self._create_connection()
  File "/Users/LG/opt/anaconda3/envs/rqalpha/lib/python3.9/site-packages/sqlalchemy/pool/base.py", line 393, in _create_connection
    return _ConnectionRecord(self)
  File "/Users/LG/opt/anaconda3/envs/rqalpha/lib/python3.9/site-packages/sqlalchemy/pool/base.py", line 678, in __init__
    self.__connect()
  File "/Users/LG/opt/anaconda3/envs/rqalpha/lib/python3.9/site-packages/sqlalchemy/pool/base.py", line 903, in __connect
    pool.logger.debug("Error on connect(): %s", e)
  File "/Users/LG/opt/anaconda3/envs/rqalpha/lib/python3.9/site-packages/sqlalchemy/util/langhelpers.py", line 146, in __exit__
    raise exc_value.with_traceback(exc_tb)
  File "/Users/LG/opt/anaconda3/envs/rqalpha/lib/python3.9/site-packages/sqlalchemy/pool/base.py", line 898, in __connect
    self.dbapi_connection = connection = pool._invoke_creator(self)
  File "/Users/LG/opt/anaconda3/envs/rqalpha/lib/python3.9/site-packages/sqlalchemy/engine/create.py", line 645, in connect
    return dialect.connect(*cargs, **cparams)
  File "/Users/LG/opt/anaconda3/envs/rqalpha/lib/python3.9/site-packages/sqlalchemy/engine/default.py", line 616, in connect
    return self.loaded_dbapi.connect(*cargs, **cparams)
  File "/Users/LG/.local/lib/python3.9/site-packages/pymysql/connections.py", line 353, in __init__
    self.connect()
  File "/Users/LG/.local/lib/python3.9/site-packages/pymysql/connections.py", line 633, in connect
    self._request_authentication()
  File "/Users/LG/.local/lib/python3.9/site-packages/pymysql/connections.py", line 921, in _request_authentication
    auth_packet = self._process_auth(plugin_name, auth_packet)
  File "/Users/LG/.local/lib/python3.9/site-packages/pymysql/connections.py", line 1018, in _process_auth
    pkt = self._read_packet()
  File "/Users/LG/.local/lib/python3.9/site-packages/pymysql/connections.py", line 725, in _read_packet
    packet.raise_for_error()
  File "/Users/LG/.local/lib/python3.9/site-packages/pymysql/protocol.py", line 221, in raise_for_error
    err.raise_mysql_exception(self._data)
  File "/Users/LG/.local/lib/python3.9/site-packages/pymysql/err.py", line 143, in raise_mysql_exception
    raise errorclass(errno, errval)
pymysql.err.OperationalError: (1045, "Access denied for user 'root'@'localhost' (using password: YES)")

The above exception was the direct cause of the following exception:

Traceback (most recent call last):
  File "/Users/LG/tutorial/akshare_data/data_storage/db_connection.py", line 208, in test_connection
    with self._engine.connect() as conn:
  File "/Users/LG/opt/anaconda3/envs/rqalpha/lib/python3.9/site-packages/sqlalchemy/engine/base.py", line 3269, in connect
    return self._connection_cls(self)
  File "/Users/LG/opt/anaconda3/envs/rqalpha/lib/python3.9/site-packages/sqlalchemy/engine/base.py", line 147, in __init__
    Connection._handle_dbapi_exception_noconnection(
  File "/Users/LG/opt/anaconda3/envs/rqalpha/lib/python3.9/site-packages/sqlalchemy/engine/base.py", line 2431, in _handle_dbapi_exception_noconnection
    raise sqlalchemy_exception.with_traceback(exc_info[2]) from e
  File "/Users/LG/opt/anaconda3/envs/rqalpha/lib/python3.9/site-packages/sqlalchemy/engine/base.py", line 145, in __init__
    self._dbapi_connection = engine.raw_connection()
  File "/Users/LG/opt/anaconda3/envs/rqalpha/lib/python3.9/site-packages/sqlalchemy/engine/base.py", line 3293, in raw_connection
    return self.pool.connect()
  File "/Users/LG/opt/anaconda3/envs/rqalpha/lib/python3.9/site-packages/sqlalchemy/pool/base.py", line 452, in connect
    return _ConnectionFairy._checkout(self)
  File "/Users/LG/opt/anaconda3/envs/rqalpha/lib/python3.9/site-packages/sqlalchemy/pool/base.py", line 1269, in _checkout
    fairy = _ConnectionRecord.checkout(pool)
  File "/Users/LG/opt/anaconda3/envs/rqalpha/lib/python3.9/site-packages/sqlalchemy/pool/base.py", line 716, in checkout
    rec = pool._do_get()
  File "/Users/LG/opt/anaconda3/envs/rqalpha/lib/python3.9/site-packages/sqlalchemy/pool/impl.py", line 170, in _do_get
    self._dec_overflow()
  File "/Users/LG/opt/anaconda3/envs/rqalpha/lib/python3.9/site-packages/sqlalchemy/util/langhelpers.py", line 146, in __exit__
    raise exc_value.with_traceback(exc_tb)
  File "/Users/LG/opt/anaconda3/envs/rqalpha/lib/python3.9/site-packages/sqlalchemy/pool/impl.py", line 167, in _do_get
    return self._create_connection()
  File "/Users/LG/opt/anaconda3/envs/rqalpha/lib/python3.9/site-packages/sqlalchemy/pool/base.py", line 393, in _create_connection
    return _ConnectionRecord(self)
  File "/Users/LG/opt/anaconda3/envs/rqalpha/lib/python3.9/site-packages/sqlalchemy/pool/base.py", line 678, in __init__
    self.__connect()
  File "/Users/LG/opt/anaconda3/envs/rqalpha/lib/python3.9/site-packages/sqlalchemy/pool/base.py", line 903, in __connect
    pool.logger.debug("Error on connect(): %s", e)
  File "/Users/LG/opt/anaconda3/envs/rqalpha/lib/python3.9/site-packages/sqlalchemy/util/langhelpers.py", line 146, in __exit__
    raise exc_value.with_traceback(exc_tb)
  File "/Users/LG/opt/anaconda3/envs/rqalpha/lib/python3.9/site-packages/sqlalchemy/pool/base.py", line 898, in __connect
    self.dbapi_connection = connection = pool._invoke_creator(self)
  File "/Users/LG/opt/anaconda3/envs/rqalpha/lib/python3.9/site-packages/sqlalchemy/engine/create.py", line 645, in connect
    return dialect.connect(*cargs, **cparams)
  File "/Users/LG/opt/anaconda3/envs/rqalpha/lib/python3.9/site-packages/sqlalchemy/engine/default.py", line 616, in connect
    return self.loaded_dbapi.connect(*cargs, **cparams)
  File "/Users/LG/.local/lib/python3.9/site-packages/pymysql/connections.py", line 353, in __init__
    self.connect()
  File "/Users/LG/.local/lib/python3.9/site-packages/pymysql/connections.py", line 633, in connect
    self._request_authentication()
  File "/Users/LG/.local/lib/python3.9/site-packages/pymysql/connections.py", line 921, in _request_authentication
    auth_packet = self._process_auth(plugin_name, auth_packet)
  File "/Users/LG/.local/lib/python3.9/site-packages/pymysql/connections.py", line 1018, in _process_auth
    pkt = self._read_packet()
  File "/Users/LG/.local/lib/python3.9/site-packages/pymysql/connections.py", line 725, in _read_packet
    packet.raise_for_error()
  File "/Users/LG/.local/lib/python3.9/site-packages/pymysql/protocol.py", line 221, in raise_for_error
    err.raise_mysql_exception(self._data)
  File "/Users/LG/.local/lib/python3.9/site-packages/pymysql/err.py", line 143, in raise_mysql_exception
    raise errorclass(errno, errval)
sqlalchemy.exc.OperationalError: (pymysql.err.OperationalError) (1045, "Access denied for user 'root'@'localhost' (using password: YES)")
(Background on this error at: https://sqlalche.me/e/20/e3q8)

2025-05-29 12:05:06,161 - DBConnectionManager - ERROR - 数据库连接测试失败: __init__() got an unexpected keyword argument 'auth_plugin'
2025-05-29 12:05:06,166 - DBConnectionManager - ERROR - 初始化数据库连接失败: 数据库连接测试失败
2025-05-29 12:06:10,612 - DBConnectionManager - ERROR - 数据库连接测试失败: (pymysql.err.OperationalError) (1045, "Access denied for user 'root'@'localhost' (using password: YES)")
(Background on this error at: https://sqlalche.me/e/20/e3q8)
2025-05-29 12:06:10,614 - DBConnectionManager - ERROR - 初始化数据库连接失败: 数据库连接测试失败
2025-05-29 12:07:26,858 - DBConnectionManager - ERROR - 数据库连接测试失败: (pymysql.err.OperationalError) (1045, "Access denied for user 'root'@'localhost' (using password: YES)")
(Background on this error at: https://sqlalche.me/e/20/e3q8)
2025-05-29 12:07:26,860 - DBConnectionManager - ERROR - 初始化数据库连接失败: 数据库连接测试失败
2025-05-29 12:07:50,787 - DBConnectionManager - ERROR - 数据库连接测试失败: __init__() got an unexpected keyword argument 'auth_plugin'
2025-05-29 12:07:50,791 - DBConnectionManager - ERROR - 初始化数据库连接失败: 数据库连接测试失败
2025-05-29 12:12:46,162 - DBConnectionManager - ERROR - 数据库连接测试失败: (pymysql.err.OperationalError) (1045, "Access denied for user 'root'@'localhost' (using password: YES)")
(Background on this error at: https://sqlalche.me/e/20/e3q8)
2025-05-29 12:12:46,164 - DBConnectionManager - ERROR - 初始化数据库连接失败: 数据库连接测试失败
2025-05-29 12:17:14,612 - DBConnectionManager - ERROR - 数据库连接测试失败: (pymysql.err.OperationalError) (1045, "Access denied for user 'root'@'localhost' (using password: YES)")
(Background on this error at: https://sqlalche.me/e/20/e3q8)
2025-05-29 12:17:14,616 - DBConnectionManager - ERROR - 初始化数据库连接失败: 数据库连接测试失败
2025-05-29 12:18:18,345 - DBConnectionManager - ERROR - 数据库连接测试失败: (pymysql.err.OperationalError) (1045, "Access denied for user 'root'@'localhost' (using password: YES)")
(Background on this error at: https://sqlalche.me/e/20/e3q8)
2025-05-29 12:18:18,349 - DBConnectionManager - ERROR - 初始化数据库连接失败: 数据库连接测试失败
2025-05-29 12:18:51,433 - DBConnectionManager - ERROR - 数据库连接测试失败: (pymysql.err.OperationalError) (1045, "Access denied for user 'root'@'localhost' (using password: YES)")
(Background on this error at: https://sqlalche.me/e/20/e3q8)
2025-05-29 12:18:51,437 - DBConnectionManager - ERROR - 初始化数据库连接失败: 数据库连接测试失败
2025-05-29 12:37:57,559 - DBConnectionManager - ERROR - 数据库连接测试失败: (pymysql.err.OperationalError) (1045, "Access denied for user 'root'@'localhost' (using password: YES)")
(Background on this error at: https://sqlalche.me/e/20/e3q8)
2025-05-29 12:37:57,568 - DBConnectionManager - ERROR - 初始化数据库连接失败: 数据库连接测试失败
2025-05-29 12:39:17,159 - DBConnectionManager - ERROR - 数据库连接测试失败: (pymysql.err.OperationalError) (1045, "Access denied for user 'root'@'localhost' (using password: YES)")
(Background on this error at: https://sqlalche.me/e/20/e3q8)
2025-05-29 12:39:17,168 - DBConnectionManager - ERROR - 初始化数据库连接失败: 数据库连接测试失败
2025-05-29 12:41:16,074 - DBConnectionManager - ERROR - 数据库连接测试失败: (pymysql.err.OperationalError) (1045, "Access denied for user 'root'@'localhost' (using password: YES)")
(Background on this error at: https://sqlalche.me/e/20/e3q8)
2025-05-29 12:41:16,083 - DBConnectionManager - ERROR - 初始化数据库连接失败: 数据库连接测试失败
2025-05-29 12:47:40,753 - DBConnectionManager - ERROR - 数据库连接测试失败: Connection.__init__() got an unexpected keyword argument 'auth_plugin'. Did you mean 'auth_plugin_map'?
2025-05-29 12:47:40,757 - DBConnectionManager - ERROR - 初始化数据库连接失败: 数据库连接测试失败
2025-05-29 12:48:24,092 - DBConnectionManager - ERROR - 数据库连接测试失败: 'str' object has no attribute 'get'
2025-05-29 12:48:24,097 - DBConnectionManager - ERROR - 初始化数据库连接失败: 数据库连接测试失败
2025-05-29 13:03:30,611 - DBConnectionManager - ERROR - 数据库连接测试失败: 'str' object has no attribute 'get'
2025-05-29 13:03:30,616 - DBConnectionManager - ERROR - 初始化数据库连接失败: 数据库连接测试失败
2025-05-29 13:04:05,435 - DBConnectionManager - ERROR - 数据库连接测试失败: (pymysql.err.OperationalError) (1045, "Access denied for user 'root'@'localhost' (using password: YES)")
(Background on this error at: https://sqlalche.me/e/20/e3q8)
2025-05-29 13:04:05,444 - DBConnectionManager - ERROR - 初始化数据库连接失败: 数据库连接测试失败
2025-05-29 13:30:58,325 - DBConnectionManager - ERROR - 数据库连接测试失败: Not an executable object: 'SELECT 1'
2025-05-29 13:30:58,327 - DBConnectionManager - ERROR - 初始化数据库连接失败: 数据库连接测试失败
2025-05-29 13:31:58,077 - DBConnectionManager - INFO - 数据库连接初始化成功: localhost:3306/akshare_data
2025-05-29 13:31:58,083 - DBConnectionManager - ERROR - 数据库连接测试失败: Not an executable object: 'SELECT 1'
2025-05-29 13:34:26,321 - DBConnectionManager - INFO - 数据库连接初始化成功: localhost:3306/akshare_data
2025-05-29 13:34:26,326 - DBConnectionManager - ERROR - 数据库连接测试失败: Not an executable object: 'SELECT 1'
2025-05-29 13:41:55,478 - DBConnectionManager - INFO - 数据库连接初始化成功: localhost:3306/akshare_data
2025-05-29 13:41:55,484 - DBConnectionManager - ERROR - 数据库连接测试失败: name 'text' is not defined
2025-05-29 13:44:34,108 - DBConnectionManager - INFO - 数据库连接测试成功
2025-05-29 13:44:34,109 - DBConnectionManager - INFO - 数据库连接初始化成功: localhost:3306/akshare_data
2025-05-29 13:44:34,109 - DBConnectionManager - INFO - 数据库连接测试成功
2025-05-29 15:40:59,818 - DBConnectionManager - INFO - 数据库连接测试成功
2025-05-29 15:40:59,818 - DBConnectionManager - INFO - 数据库连接初始化成功: localhost:3306/akshare_data
2025-05-29 15:40:59,819 - DBConnectionManager - INFO - 数据库连接测试成功
2025-05-29 15:41:52,347 - DBConnectionManager - INFO - 数据库连接测试成功
2025-05-29 15:41:52,347 - DBConnectionManager - INFO - 数据库连接初始化成功: localhost:3306/akshare_data
2025-05-29 15:41:52,347 - DBConnectionManager - INFO - 数据库连接测试成功
2025-05-29 15:44:39,414 - DBConnectionManager - INFO - 数据库连接测试成功
2025-05-29 15:44:39,414 - DBConnectionManager - INFO - 数据库连接初始化成功: localhost:3306/akshare_data
2025-05-29 15:44:39,415 - DBConnectionManager - INFO - 数据库连接测试成功
2025-05-29 16:08:59,071 - DBConnectionManager - INFO - 数据库连接测试成功
2025-05-29 16:08:59,071 - DBConnectionManager - INFO - 数据库连接初始化成功: localhost:3306/akshare_data
2025-05-29 16:08:59,072 - DBConnectionManager - INFO - 数据库连接测试成功
2025-05-29 18:28:35,360 - DBConnectionManager - INFO - 数据库连接测试成功
2025-05-29 18:28:35,361 - DBConnectionManager - INFO - 数据库连接初始化成功: localhost:3306/akshare_data
2025-05-29 18:28:35,361 - DBConnectionManager - INFO - 数据库连接测试成功
2025-05-29 21:02:49,891 - DBConnectionManager - INFO - 数据库连接测试成功
2025-05-29 21:02:49,892 - DBConnectionManager - INFO - 数据库连接初始化成功: localhost:3306/akshare_data
2025-05-29 21:02:49,892 - DBConnectionManager - INFO - 数据库连接测试成功
2025-05-29 21:25:15,089 - DBConnectionManager - INFO - 数据库连接测试成功
2025-05-29 21:25:15,089 - DBConnectionManager - INFO - 数据库连接初始化成功: localhost:3306/akshare_data
2025-05-29 21:25:15,090 - DBConnectionManager - INFO - 数据库连接测试成功
2025-05-29 21:43:35,125 - DBConnectionManager - INFO - 数据库连接测试成功
2025-05-29 21:43:35,125 - DBConnectionManager - INFO - 数据库连接初始化成功: localhost:3306/akshare_data
2025-05-29 21:43:35,126 - DBConnectionManager - INFO - 数据库连接测试成功
2025-05-29 22:01:08,166 - DBConnectionManager - INFO - 数据库连接测试成功
2025-05-29 22:01:08,166 - DBConnectionManager - INFO - 数据库连接初始化成功: localhost:3306/akshare_data
2025-05-29 22:01:08,167 - DBConnectionManager - INFO - 数据库连接测试成功
